<?xml version="1.0" encoding="UTF-8"?>
<robot generator="Robot 7.3.2 (Python 3.13.5 on darwin)" generated="2025-09-16T21:28:48.185437" rpa="false" schemaversion="5">
<suite id="s1" name="TC 005 Settingspage" source="/Users/rokkun_mac/Desktop/Supplywhy.ai/Test case/TC_005_Settingspage.robot">
<kw name="Suite Setup" owner="comonpage" type="SETUP">
<kw name="open ChromeBrowser" owner="comonpage">
<kw name="Open Browser" owner="SeleniumLibrary">
<msg time="2025-09-16T21:28:48.268209" level="INFO">Opening browser 'Chrome' to base url 'https://dev.supplywhyai.net/'.</msg>
<arg>${URL}</arg>
<arg>${BROWSER}</arg>
<doc>Opens a new browser instance to the optional ``url``.</doc>
<status status="PASS" start="2025-09-16T21:28:48.268123" elapsed="5.873290"/>
</kw>
<kw name="Maximize Browser Window" owner="SeleniumLibrary">
<doc>Maximizes current browser window.</doc>
<status status="PASS" start="2025-09-16T21:28:54.141704" elapsed="0.338571"/>
</kw>
<status status="PASS" start="2025-09-16T21:28:48.267913" elapsed="6.212649"/>
</kw>
<kw name="Login to Application" owner="loginpage">
<kw name="Input Text" owner="SeleniumLibrary">
<msg time="2025-09-16T21:28:54.481643" level="INFO">Typing text 'lopamudra.mohanty@supplywhy.ai' into text field '//input[@name="username"]'.</msg>
<arg>${Username_textbox}</arg>
<arg>${username}</arg>
<doc>Types the given ``text`` into the text field identified by ``locator``.</doc>
<status status="PASS" start="2025-09-16T21:28:54.481250" elapsed="0.092199"/>
</kw>
<kw name="Input Text" owner="SeleniumLibrary">
<msg time="2025-09-16T21:28:54.573734" level="INFO">Typing text 'Lopamudra@123654' into text field '//input[@name="password"]'.</msg>
<arg>${password_textbox}</arg>
<arg>${password}</arg>
<doc>Types the given ``text`` into the text field identified by ``locator``.</doc>
<status status="PASS" start="2025-09-16T21:28:54.573570" elapsed="0.024615"/>
</kw>
<kw name="Click Element" owner="SeleniumLibrary">
<msg time="2025-09-16T21:28:54.598454" level="INFO">Clicking element '//button[@type="submit"]'.</msg>
<arg>${login_button}</arg>
<doc>Click the element identified by ``locator``.</doc>
<status status="PASS" start="2025-09-16T21:28:54.598311" elapsed="0.024104"/>
</kw>
<kw name="Sleep" owner="BuiltIn">
<msg time="2025-09-16T21:29:04.624169" level="INFO">Slept 10 seconds.</msg>
<arg>10s</arg>
<doc>Pauses the test executed for the given time.</doc>
<status status="PASS" start="2025-09-16T21:28:54.622540" elapsed="10.001968"/>
</kw>
<arg>${username}</arg>
<arg>${password}</arg>
<status status="PASS" start="2025-09-16T21:28:54.480914" elapsed="10.143865"/>
</kw>
<status status="PASS" start="2025-09-16T21:28:48.267810" elapsed="16.357136"/>
</kw>
<test id="s1-t1" name="Verify Settings Page Functionality" line="10">
<kw name="Navigate To Settings Page" owner="Settingspage">
<kw name="Wait Until Element Is Visible" owner="SeleniumLibrary">
<arg>${SETTINGS_LINK}</arg>
<arg>30s</arg>
<doc>Waits until the element ``locator`` is visible.</doc>
<status status="PASS" start="2025-09-16T21:29:04.627344" elapsed="0.022847"/>
</kw>
<kw name="Click Element" owner="SeleniumLibrary">
<msg time="2025-09-16T21:29:04.650697" level="INFO">Clicking element '//button[.//*[name()='svg']//*[name()='path' and contains(@d,'M19.14 12.')]]'.</msg>
<arg>${SETTINGS_LINK}</arg>
<doc>Click the element identified by ``locator``.</doc>
<status status="PASS" start="2025-09-16T21:29:04.650422" elapsed="0.032765"/>
</kw>
<kw name="Sleep" owner="BuiltIn">
<msg time="2025-09-16T21:29:07.684993" level="INFO">Slept 3 seconds.</msg>
<arg>3s</arg>
<doc>Pauses the test executed for the given time.</doc>
<status status="PASS" start="2025-09-16T21:29:04.683333" elapsed="3.001988"/>
</kw>
<kw name="Wait Until Element Is Visible" owner="SeleniumLibrary">
<arg>${SETTINGS_PAGE_HEADER}</arg>
<arg>30s</arg>
<doc>Waits until the element ``locator`` is visible.</doc>
<status status="PASS" start="2025-09-16T21:29:07.685787" elapsed="0.016053"/>
</kw>
<kw name="Element Should Be Visible" owner="SeleniumLibrary">
<msg time="2025-09-16T21:29:07.710987" level="INFO">Element '//div[@class='styles_container__F__Ws']' is displayed.</msg>
<arg>${SETTINGS_PAGE_HEADER}</arg>
<doc>Verifies that the element identified by ``locator`` is visible.</doc>
<status status="PASS" start="2025-09-16T21:29:07.702066" elapsed="0.008989"/>
</kw>
<kw name="Sleep" owner="BuiltIn">
<msg time="2025-09-16T21:29:10.713941" level="INFO">Slept 3 seconds.</msg>
<arg>3s</arg>
<doc>Pauses the test executed for the given time.</doc>
<status status="PASS" start="2025-09-16T21:29:07.711181" elapsed="3.003082"/>
</kw>
<doc>This keyword navigates to the Settings page from the Dashboard.</doc>
<status status="PASS" start="2025-09-16T21:29:04.626797" elapsed="6.087711"/>
</kw>
<doc>Verify user can navigate to Settings Page and access settings options.</doc>
<status status="PASS" start="2025-09-16T21:29:04.625272" elapsed="6.089749"/>
</test>
<status status="PASS" start="2025-09-16T21:28:48.185849" elapsed="22.530177"/>
</suite>
<statistics>
<total>
<stat pass="1" fail="0" skip="0">All Tests</stat>
</total>
<tag>
</tag>
<suite>
<stat name="TC 005 Settingspage" id="s1" pass="1" fail="0" skip="0">TC 005 Settingspage</stat>
</suite>
</statistics>
<errors>
</errors>
</robot>
